[2025-04-21T12:44:22.274+0000] {local_task_job_runner.py:120} INFO - ::group::Pre task execution logs
[2025-04-21T12:44:22.308+0000] {taskinstance.py:2076} INFO - Dependencies all met for dep_context=non-requeueable deps ti=<TaskInstance: hourly_etl_pipeline.load_stg manual__2025-04-21T12:44:20.575125+00:00 [queued]>
[2025-04-21T12:44:22.322+0000] {taskinstance.py:2076} INFO - Dependencies all met for dep_context=requeueable deps ti=<TaskInstance: hourly_etl_pipeline.load_stg manual__2025-04-21T12:44:20.575125+00:00 [queued]>
[2025-04-21T12:44:22.324+0000] {taskinstance.py:2306} INFO - Starting attempt 1 of 2
[2025-04-21T12:44:22.359+0000] {taskinstance.py:2330} INFO - Executing <Task(PythonOperator): load_stg> on 2025-04-21 12:44:20.575125+00:00
[2025-04-21T12:44:22.365+0000] {standard_task_runner.py:63} INFO - Started process 188 to run task
[2025-04-21T12:44:22.394+0000] {standard_task_runner.py:90} INFO - Running: ['***', 'tasks', 'run', 'hourly_etl_pipeline', 'load_stg', 'manual__2025-04-21T12:44:20.575125+00:00', '--job-id', '5', '--raw', '--subdir', 'DAGS_FOLDER/hourly_etl_pipeline.py', '--cfg-path', '/tmp/tmp3gcclkzh']
[2025-04-21T12:44:22.396+0000] {standard_task_runner.py:91} INFO - Job 5: Subtask load_stg
[2025-04-21T12:44:22.526+0000] {task_command.py:426} INFO - Running <TaskInstance: hourly_etl_pipeline.load_stg manual__2025-04-21T12:44:20.575125+00:00 [running]> on host ab2b55c0754d
[2025-04-21T12:44:22.657+0000] {logging_mixin.py:188} WARNING - /root/.local/lib/python3.8/site-packages/***/utils/context.py:212 AirflowContextDeprecationWarning: Accessing 'execution_date' from the template is deprecated and will be removed in a future version. Please use 'data_interval_start' or 'logical_date' instead.
[2025-04-21T12:44:22.757+0000] {taskinstance.py:2648} INFO - Exporting env vars: AIRFLOW_CTX_DAG_OWNER='***' AIRFLOW_CTX_DAG_ID='hourly_etl_pipeline' AIRFLOW_CTX_TASK_ID='load_stg' AIRFLOW_CTX_EXECUTION_DATE='2025-04-21T12:44:20.575125+00:00' AIRFLOW_CTX_TRY_NUMBER='1' AIRFLOW_CTX_DAG_RUN_ID='manual__2025-04-21T12:44:20.575125+00:00'
[2025-04-21T12:44:22.759+0000] {taskinstance.py:430} INFO - ::endgroup::
[2025-04-21T12:44:22.784+0000] {taskinstance.py:441} INFO - ::group::Post task execution logs
[2025-04-21T12:44:22.785+0000] {taskinstance.py:2905} ERROR - Task failed with exception
Traceback (most recent call last):
  File "/root/.local/lib/python3.8/site-packages/airflow/models/taskinstance.py", line 465, in _execute_task
    result = _execute_callable(context=context, **execute_callable_kwargs)
  File "/root/.local/lib/python3.8/site-packages/airflow/models/taskinstance.py", line 432, in _execute_callable
    return execute_callable(context=context, **execute_callable_kwargs)
  File "/root/.local/lib/python3.8/site-packages/airflow/models/baseoperator.py", line 401, in wrapper
    return func(self, *args, **kwargs)
  File "/root/.local/lib/python3.8/site-packages/airflow/operators/python.py", line 235, in execute
    return_value = self.execute_callable()
  File "/root/.local/lib/python3.8/site-packages/airflow/operators/python.py", line 252, in execute_callable
    return self.python_callable(*self.op_args, **self.op_kwargs)
  File "/usr/local/airflow/scripts/load_stg.py", line 12, in run
    target_time = execution_date - timedelta(hours=1)
TypeError: unsupported operand type(s) for -: 'str' and 'datetime.timedelta'
[2025-04-21T12:44:22.825+0000] {taskinstance.py:1206} INFO - Marking task as UP_FOR_RETRY. dag_id=hourly_etl_pipeline, task_id=load_stg, run_id=manual__2025-04-21T12:44:20.575125+00:00, execution_date=20250421T124420, start_date=20250421T124422, end_date=20250421T124422
[2025-04-21T12:44:22.866+0000] {standard_task_runner.py:110} ERROR - Failed to execute job 5 for task load_stg (unsupported operand type(s) for -: 'str' and 'datetime.timedelta'; 188)
[2025-04-21T12:44:22.914+0000] {local_task_job_runner.py:240} INFO - Task exited with return code 1
[2025-04-21T12:44:22.951+0000] {taskinstance.py:3503} INFO - 0 downstream tasks scheduled from follow-on schedule check
[2025-04-21T12:44:22.956+0000] {local_task_job_runner.py:222} INFO - ::endgroup::
