[2025-04-21T14:00:00.987+0000] {local_task_job_runner.py:120} INFO - ::group::Pre task execution logs
[2025-04-21T14:00:01.037+0000] {taskinstance.py:2076} INFO - Dependencies all met for dep_context=non-requeueable deps ti=<TaskInstance: hourly_etl_pipeline.load_stg scheduled__2025-04-21T13:00:00+00:00 [queued]>
[2025-04-21T14:00:01.060+0000] {taskinstance.py:2076} INFO - Dependencies all met for dep_context=requeueable deps ti=<TaskInstance: hourly_etl_pipeline.load_stg scheduled__2025-04-21T13:00:00+00:00 [queued]>
[2025-04-21T14:00:01.061+0000] {taskinstance.py:2306} INFO - Starting attempt 1 of 2
[2025-04-21T14:00:01.112+0000] {taskinstance.py:2330} INFO - Executing <Task(PythonOperator): load_stg> on 2025-04-21 13:00:00+00:00
[2025-04-21T14:00:01.119+0000] {standard_task_runner.py:63} INFO - Started process 946 to run task
[2025-04-21T14:00:01.125+0000] {standard_task_runner.py:90} INFO - Running: ['***', 'tasks', 'run', 'hourly_etl_pipeline', 'load_stg', 'scheduled__2025-04-21T13:00:00+00:00', '--job-id', '15', '--raw', '--subdir', 'DAGS_FOLDER/hourly_etl_pipeline.py', '--cfg-path', '/tmp/tmprreps47x']
[2025-04-21T14:00:01.129+0000] {standard_task_runner.py:91} INFO - Job 15: Subtask load_stg
[2025-04-21T14:00:01.295+0000] {task_command.py:426} INFO - Running <TaskInstance: hourly_etl_pipeline.load_stg scheduled__2025-04-21T13:00:00+00:00 [running]> on host ab2b55c0754d
[2025-04-21T14:00:01.486+0000] {logging_mixin.py:188} WARNING - /root/.local/lib/python3.8/site-packages/***/utils/context.py:212 AirflowContextDeprecationWarning: Accessing 'execution_date' from the template is deprecated and will be removed in a future version. Please use 'data_interval_start' or 'logical_date' instead.
[2025-04-21T14:00:01.633+0000] {taskinstance.py:2648} INFO - Exporting env vars: AIRFLOW_CTX_DAG_OWNER='***' AIRFLOW_CTX_DAG_ID='hourly_etl_pipeline' AIRFLOW_CTX_TASK_ID='load_stg' AIRFLOW_CTX_EXECUTION_DATE='2025-04-21T13:00:00+00:00' AIRFLOW_CTX_TRY_NUMBER='1' AIRFLOW_CTX_DAG_RUN_ID='scheduled__2025-04-21T13:00:00+00:00'
[2025-04-21T14:00:01.635+0000] {taskinstance.py:430} INFO - ::endgroup::
[2025-04-21T14:00:01.665+0000] {logging_mixin.py:188} INFO - Target time: 2025-04-21 13:00:00+00:00
[2025-04-21T14:00:01.715+0000] {base.py:84} INFO - Using connection ID 'postgresql_lab08' for task execution.
[2025-04-21T14:00:01.768+0000] {logging_mixin.py:188} INFO - Processing file: year=2025/month=04/day=21/hour=13/browser_events.jsonl.zip
[2025-04-21T14:00:01.824+0000] {base.py:84} INFO - Using connection ID 's3_yandex' for task execution.
[2025-04-21T14:00:01.825+0000] {connection_wrapper.py:384} INFO - AWS Connection (conn_id='s3_yandex', conn_type='aws') credentials retrieved from login and password.
[2025-04-21T14:00:52.624+0000] {logging_mixin.py:188} INFO - Processed successfully: year=2025/month=04/day=21/hour=13/browser_events.jsonl.zip
[2025-04-21T14:00:52.625+0000] {logging_mixin.py:188} INFO - Processing file: year=2025/month=04/day=21/hour=13/device_events.jsonl.zip
[2025-04-21T14:01:42.334+0000] {logging_mixin.py:188} INFO - Processed successfully: year=2025/month=04/day=21/hour=13/device_events.jsonl.zip
[2025-04-21T14:01:42.335+0000] {logging_mixin.py:188} INFO - Processing file: year=2025/month=04/day=21/hour=13/geo_events.jsonl.zip
[2025-04-21T14:02:31.216+0000] {logging_mixin.py:188} INFO - Processed successfully: year=2025/month=04/day=21/hour=13/geo_events.jsonl.zip
[2025-04-21T14:02:31.216+0000] {logging_mixin.py:188} INFO - Processing file: year=2025/month=04/day=21/hour=13/location_events.jsonl.zip
[2025-04-21T14:03:19.468+0000] {logging_mixin.py:188} INFO - Processed successfully: year=2025/month=04/day=21/hour=13/location_events.jsonl.zip
[2025-04-21T14:03:19.473+0000] {logging_mixin.py:188} INFO - Loaded successfully
[2025-04-21T14:03:19.476+0000] {python.py:237} INFO - Done. Returned value was: None
[2025-04-21T14:03:19.477+0000] {taskinstance.py:441} INFO - ::group::Post task execution logs
[2025-04-21T14:03:19.502+0000] {taskinstance.py:1206} INFO - Marking task as SUCCESS. dag_id=hourly_etl_pipeline, task_id=load_stg, run_id=scheduled__2025-04-21T13:00:00+00:00, execution_date=20250421T130000, start_date=20250421T140001, end_date=20250421T140319
[2025-04-21T14:03:19.538+0000] {local_task_job_runner.py:240} INFO - Task exited with return code 0
[2025-04-21T14:03:19.579+0000] {taskinstance.py:3503} INFO - 0 downstream tasks scheduled from follow-on schedule check
[2025-04-21T14:03:19.583+0000] {local_task_job_runner.py:222} INFO - ::endgroup::
