[0m12:18:53.503507 [debug] [MainThread]: Sending event: {'category': 'dbt', 'action': 'invocation', 'label': 'start', 'context': [<snowplow_tracker.self_describing_json.SelfDescribingJson object at 0x7f5f12af4e80>, <snowplow_tracker.self_describing_json.SelfDescribingJson object at 0x7f5f123e5400>, <snowplow_tracker.self_describing_json.SelfDescribingJson object at 0x7f5f123ef220>]}


============================== 12:18:53.511888 | 05dde9c7-5285-4016-b92a-a78387b6674e ==============================
[0m12:18:53.511888 [info ] [MainThread]: Running with dbt=1.9.0-b2
[0m12:18:53.513231 [debug] [MainThread]: running dbt with arguments {'printer_width': '80', 'indirect_selection': 'eager', 'write_json': 'True', 'log_cache_events': 'False', 'partial_parse': 'True', 'cache_selected_only': 'False', 'warn_error': 'None', 'fail_fast': 'False', 'profiles_dir': '/dbt', 'log_path': '/dbt/logs', 'version_check': 'True', 'debug': 'False', 'use_colors': 'True', 'use_experimental_parser': 'False', 'no_print': 'None', 'quiet': 'False', 'empty': 'False', 'warn_error_options': 'WarnErrorOptions(include=[], exclude=[])', 'invocation_command': 'dbt run --profiles-dir /dbt --project-dir /dbt', 'log_format': 'default', 'introspect': 'True', 'target_path': 'None', 'static_parser': 'True', 'send_anonymous_usage_stats': 'True'}
[0m12:18:53.861617 [debug] [MainThread]: Sending event: {'category': 'dbt', 'action': 'project_id', 'label': '05dde9c7-5285-4016-b92a-a78387b6674e', 'context': [<snowplow_tracker.self_describing_json.SelfDescribingJson object at 0x7f5f14e98730>]}
[0m12:18:54.019566 [debug] [MainThread]: Sending event: {'category': 'dbt', 'action': 'adapter_info', 'label': '05dde9c7-5285-4016-b92a-a78387b6674e', 'context': [<snowplow_tracker.self_describing_json.SelfDescribingJson object at 0x7f5f11df16d0>]}
[0m12:18:54.021738 [info ] [MainThread]: Registered adapter: postgres=1.8.2
[0m12:18:54.059949 [debug] [MainThread]: checksum: 4cfbbe2a671212f062e88a43cba5322b30b7e3e8e91b953aa4de249eeaade60f, vars: {}, profile: , target: , version: 1.9.0b2
[0m12:18:54.062472 [info ] [MainThread]: Unable to do partial parsing because saved manifest not found. Starting full parse.
[0m12:18:54.063708 [debug] [MainThread]: Sending event: {'category': 'dbt', 'action': 'partial_parser', 'label': '05dde9c7-5285-4016-b92a-a78387b6674e', 'context': [<snowplow_tracker.self_describing_json.SelfDescribingJson object at 0x7f5f10371c70>]}
[0m12:18:57.037120 [debug] [MainThread]: Sending event: {'category': 'dbt', 'action': 'load_project', 'label': '05dde9c7-5285-4016-b92a-a78387b6674e', 'context': [<snowplow_tracker.self_describing_json.SelfDescribingJson object at 0x7f5f10213be0>]}
[0m12:18:57.272641 [debug] [MainThread]: Sending event: {'category': 'dbt', 'action': 'resource_counts', 'label': '05dde9c7-5285-4016-b92a-a78387b6674e', 'context': [<snowplow_tracker.self_describing_json.SelfDescribingJson object at 0x7f5f0ff2b910>]}
[0m12:18:57.273740 [info ] [MainThread]: Found 6 models, 4 sources, 423 macros
[0m12:18:57.274435 [debug] [MainThread]: Sending event: {'category': 'dbt', 'action': 'runnable_timing', 'label': '05dde9c7-5285-4016-b92a-a78387b6674e', 'context': [<snowplow_tracker.self_describing_json.SelfDescribingJson object at 0x7f5f1007edc0>]}
[0m12:18:57.277517 [info ] [MainThread]: 
[0m12:18:57.278227 [info ] [MainThread]: Concurrency: 4 threads (target='prod')
[0m12:18:57.278680 [info ] [MainThread]: 
[0m12:18:57.279662 [debug] [MainThread]: Acquiring new postgres connection 'master'
[0m12:18:57.289950 [debug] [ThreadPool]: Acquiring new postgres connection 'list_lab08_db'
[0m12:18:57.301725 [debug] [ThreadPool]: Acquiring new postgres connection 'list_lab08_db'
[0m12:18:57.398578 [debug] [ThreadPool]: Using postgres connection "list_lab08_db"
[0m12:18:57.399510 [debug] [ThreadPool]: Using postgres connection "list_lab08_db"
[0m12:18:57.401022 [debug] [ThreadPool]: On list_lab08_db: /* {"app": "dbt", "dbt_version": "1.9.0b2", "profile_name": "dbt_lab08_project", "target_name": "prod", "connection_name": "list_lab08_db"} */

    select distinct nspname from pg_namespace
  
[0m12:18:57.401926 [debug] [ThreadPool]: On list_lab08_db: /* {"app": "dbt", "dbt_version": "1.9.0b2", "profile_name": "dbt_lab08_project", "target_name": "prod", "connection_name": "list_lab08_db"} */

    select distinct nspname from pg_namespace
  
[0m12:18:57.402550 [debug] [ThreadPool]: Opening a new connection, currently in state init
[0m12:18:57.403430 [debug] [ThreadPool]: Opening a new connection, currently in state init
[0m12:18:57.445531 [debug] [ThreadPool]: SQL status: SELECT 47 in 0.042 seconds
[0m12:18:57.448467 [debug] [ThreadPool]: On list_lab08_db: Close
[0m12:18:57.450080 [debug] [ThreadPool]: SQL status: SELECT 47 in 0.047 seconds
[0m12:18:57.453772 [debug] [ThreadPool]: On list_lab08_db: Close
[0m12:18:57.455206 [debug] [ThreadPool]: Re-using an available connection from the pool (formerly list_lab08_db, now create_lab08_db_ods_ods)
[0m12:18:57.456537 [debug] [ThreadPool]: Creating schema "database: "lab08_db"
schema: "ods_ods"
"
[0m12:18:57.466788 [debug] [ThreadPool]: Using postgres connection "create_lab08_db_ods_ods"
[0m12:18:57.467509 [debug] [ThreadPool]: On create_lab08_db_ods_ods: BEGIN
[0m12:18:57.468234 [debug] [ThreadPool]: Opening a new connection, currently in state closed
[0m12:18:57.502210 [debug] [ThreadPool]: SQL status: BEGIN in 0.034 seconds
[0m12:18:57.503117 [debug] [ThreadPool]: Using postgres connection "create_lab08_db_ods_ods"
[0m12:18:57.503596 [debug] [ThreadPool]: On create_lab08_db_ods_ods: /* {"app": "dbt", "dbt_version": "1.9.0b2", "profile_name": "dbt_lab08_project", "target_name": "prod", "connection_name": "create_lab08_db_ods_ods"} */
create schema if not exists "ods_ods"
[0m12:18:57.509877 [debug] [ThreadPool]: SQL status: CREATE SCHEMA in 0.005 seconds
[0m12:18:57.512260 [debug] [ThreadPool]: On create_lab08_db_ods_ods: COMMIT
[0m12:18:57.512971 [debug] [ThreadPool]: Using postgres connection "create_lab08_db_ods_ods"
[0m12:18:57.513892 [debug] [ThreadPool]: On create_lab08_db_ods_ods: COMMIT
[0m12:18:57.520608 [debug] [ThreadPool]: SQL status: COMMIT in 0.006 seconds
[0m12:18:57.521274 [debug] [ThreadPool]: On create_lab08_db_ods_ods: Close
[0m12:18:57.527463 [debug] [ThreadPool]: Re-using an available connection from the pool (formerly create_lab08_db_ods_ods, now list_lab08_db_ods)
[0m12:18:57.534393 [debug] [ThreadPool]: Re-using an available connection from the pool (formerly list_lab08_db, now list_lab08_db_ods_ods)
[0m12:18:57.542250 [debug] [ThreadPool]: Using postgres connection "list_lab08_db_ods"
[0m12:18:57.546986 [debug] [ThreadPool]: Using postgres connection "list_lab08_db_ods_ods"
[0m12:18:57.547918 [debug] [ThreadPool]: On list_lab08_db_ods: BEGIN
[0m12:18:57.548768 [debug] [ThreadPool]: On list_lab08_db_ods_ods: BEGIN
[0m12:18:57.549328 [debug] [ThreadPool]: Opening a new connection, currently in state closed
[0m12:18:57.549937 [debug] [ThreadPool]: Opening a new connection, currently in state closed
[0m12:18:57.581460 [debug] [ThreadPool]: SQL status: BEGIN in 0.032 seconds
[0m12:18:57.582759 [debug] [ThreadPool]: Using postgres connection "list_lab08_db_ods"
[0m12:18:57.583326 [debug] [ThreadPool]: On list_lab08_db_ods: /* {"app": "dbt", "dbt_version": "1.9.0b2", "profile_name": "dbt_lab08_project", "target_name": "prod", "connection_name": "list_lab08_db_ods"} */
select
      'lab08_db' as database,
      tablename as name,
      schemaname as schema,
      'table' as type
    from pg_tables
    where schemaname ilike 'ods'
    union all
    select
      'lab08_db' as database,
      viewname as name,
      schemaname as schema,
      'view' as type
    from pg_views
    where schemaname ilike 'ods'
    union all
    select
      'lab08_db' as database,
      matviewname as name,
      schemaname as schema,
      'materialized_view' as type
    from pg_matviews
    where schemaname ilike 'ods'
  
[0m12:18:57.584696 [debug] [ThreadPool]: SQL status: BEGIN in 0.035 seconds
[0m12:18:57.585982 [debug] [ThreadPool]: Using postgres connection "list_lab08_db_ods_ods"
[0m12:18:57.586638 [debug] [ThreadPool]: On list_lab08_db_ods_ods: /* {"app": "dbt", "dbt_version": "1.9.0b2", "profile_name": "dbt_lab08_project", "target_name": "prod", "connection_name": "list_lab08_db_ods_ods"} */
select
      'lab08_db' as database,
      tablename as name,
      schemaname as schema,
      'table' as type
    from pg_tables
    where schemaname ilike 'ods_ods'
    union all
    select
      'lab08_db' as database,
      viewname as name,
      schemaname as schema,
      'view' as type
    from pg_views
    where schemaname ilike 'ods_ods'
    union all
    select
      'lab08_db' as database,
      matviewname as name,
      schemaname as schema,
      'materialized_view' as type
    from pg_matviews
    where schemaname ilike 'ods_ods'
  
[0m12:18:57.596468 [debug] [ThreadPool]: SQL status: SELECT 4 in 0.011 seconds
[0m12:18:57.599390 [debug] [ThreadPool]: On list_lab08_db_ods: ROLLBACK
[0m12:18:57.600176 [debug] [ThreadPool]: SQL status: SELECT 0 in 0.013 seconds
[0m12:18:57.603155 [debug] [ThreadPool]: On list_lab08_db_ods_ods: ROLLBACK
[0m12:18:57.604081 [debug] [ThreadPool]: On list_lab08_db_ods: Close
[0m12:18:57.608058 [debug] [ThreadPool]: On list_lab08_db_ods_ods: Close
[0m12:18:57.618492 [debug] [MainThread]: Using postgres connection "master"
[0m12:18:57.619177 [debug] [MainThread]: On master: BEGIN
[0m12:18:57.619906 [debug] [MainThread]: Opening a new connection, currently in state init
[0m12:18:57.652222 [debug] [MainThread]: SQL status: BEGIN in 0.032 seconds
[0m12:18:57.653004 [debug] [MainThread]: Using postgres connection "master"
[0m12:18:57.653774 [debug] [MainThread]: On master: /* {"app": "dbt", "dbt_version": "1.9.0b2", "profile_name": "dbt_lab08_project", "target_name": "prod", "connection_name": "master"} */
with relation as (
        select
            pg_rewrite.ev_class as class,
            pg_rewrite.oid as id
        from pg_rewrite
    ),
    class as (
        select
            oid as id,
            relname as name,
            relnamespace as schema,
            relkind as kind
        from pg_class
    ),
    dependency as (
        select distinct
            pg_depend.objid as id,
            pg_depend.refobjid as ref
        from pg_depend
    ),
    schema as (
        select
            pg_namespace.oid as id,
            pg_namespace.nspname as name
        from pg_namespace
        where nspname != 'information_schema' and nspname not like 'pg\_%'
    ),
    referenced as (
        select
            relation.id AS id,
            referenced_class.name ,
            referenced_class.schema ,
            referenced_class.kind
        from relation
        join class as referenced_class on relation.class=referenced_class.id
        where referenced_class.kind in ('r', 'v', 'm')
    ),
    relationships as (
        select
            referenced.name as referenced_name,
            referenced.schema as referenced_schema_id,
            dependent_class.name as dependent_name,
            dependent_class.schema as dependent_schema_id,
            referenced.kind as kind
        from referenced
        join dependency on referenced.id=dependency.id
        join class as dependent_class on dependency.ref=dependent_class.id
        where
            (referenced.name != dependent_class.name or
             referenced.schema != dependent_class.schema)
    )

    select
        referenced_schema.name as referenced_schema,
        relationships.referenced_name as referenced_name,
        dependent_schema.name as dependent_schema,
        relationships.dependent_name as dependent_name
    from relationships
    join schema as dependent_schema on relationships.dependent_schema_id=dependent_schema.id
    join schema as referenced_schema on relationships.referenced_schema_id=referenced_schema.id
    group by referenced_schema, referenced_name, dependent_schema, dependent_name
    order by referenced_schema, referenced_name, dependent_schema, dependent_name;
[0m12:18:57.661742 [debug] [MainThread]: SQL status: SELECT 1 in 0.007 seconds
[0m12:18:57.665038 [debug] [MainThread]: Sending event: {'category': 'dbt', 'action': 'runnable_timing', 'label': '05dde9c7-5285-4016-b92a-a78387b6674e', 'context': [<snowplow_tracker.self_describing_json.SelfDescribingJson object at 0x7f5f1389bb80>]}
[0m12:18:57.666101 [debug] [MainThread]: On master: ROLLBACK
[0m12:18:57.668178 [debug] [MainThread]: Using postgres connection "master"
[0m12:18:57.668687 [debug] [MainThread]: On master: BEGIN
[0m12:18:57.673220 [debug] [MainThread]: SQL status: BEGIN in 0.004 seconds
[0m12:18:57.673975 [debug] [MainThread]: On master: COMMIT
[0m12:18:57.674566 [debug] [MainThread]: Using postgres connection "master"
[0m12:18:57.675162 [debug] [MainThread]: On master: COMMIT
[0m12:18:57.677326 [debug] [MainThread]: SQL status: COMMIT in 0.002 seconds
[0m12:18:57.677946 [debug] [MainThread]: On master: Close
[0m12:18:57.683327 [debug] [Thread-1  ]: Began running node model.dbt_lab08_project.ods_browser_events_dbt
[0m12:18:57.684522 [info ] [Thread-1  ]: 1 of 6 START sql incremental model ods_ods.ods_browser_events_dbt .............. [RUN]
[0m12:18:57.686293 [debug] [Thread-1  ]: Re-using an available connection from the pool (formerly list_lab08_db_ods_ods, now model.dbt_lab08_project.ods_browser_events_dbt)
[0m12:18:57.687488 [debug] [Thread-2  ]: Began running node model.dbt_lab08_project.ods_device_events_dbt
[0m12:18:57.688224 [debug] [Thread-1  ]: Began compiling node model.dbt_lab08_project.ods_browser_events_dbt
[0m12:18:57.688838 [debug] [Thread-3  ]: Began running node model.dbt_lab08_project.ods_geo_events_dbt
[0m12:18:57.689709 [debug] [Thread-4  ]: Began running node model.dbt_lab08_project.ods_location_events_dbt
[0m12:18:57.690572 [info ] [Thread-2  ]: 2 of 6 START sql incremental model ods_ods.ods_device_events_dbt ............... [RUN]
[0m12:18:57.697059 [info ] [Thread-3  ]: 3 of 6 START sql incremental model ods_ods.ods_geo_events_dbt .................. [RUN]
[0m12:18:57.709523 [info ] [Thread-4  ]: 4 of 6 START sql incremental model ods_ods.ods_location_events_dbt ............. [RUN]
[0m12:18:57.711202 [debug] [Thread-2  ]: Re-using an available connection from the pool (formerly list_lab08_db_ods, now model.dbt_lab08_project.ods_device_events_dbt)
[0m12:18:57.719285 [debug] [Thread-3  ]: Acquiring new postgres connection 'model.dbt_lab08_project.ods_geo_events_dbt'
[0m12:18:57.723759 [debug] [Thread-4  ]: Acquiring new postgres connection 'model.dbt_lab08_project.ods_location_events_dbt'
[0m12:18:57.725851 [debug] [Thread-4  ]: Began compiling node model.dbt_lab08_project.ods_location_events_dbt
[0m12:18:57.724600 [debug] [Thread-2  ]: Began compiling node model.dbt_lab08_project.ods_device_events_dbt
[0m12:18:57.725231 [debug] [Thread-3  ]: Began compiling node model.dbt_lab08_project.ods_geo_events_dbt
[0m12:18:57.722549 [debug] [Thread-1  ]: Writing injected SQL for node "model.dbt_lab08_project.ods_browser_events_dbt"
[0m12:18:57.748173 [debug] [Thread-1  ]: Began executing node model.dbt_lab08_project.ods_browser_events_dbt
[0m12:18:57.741438 [debug] [Thread-2  ]: Writing injected SQL for node "model.dbt_lab08_project.ods_device_events_dbt"
[0m12:18:57.734218 [debug] [Thread-4  ]: Writing injected SQL for node "model.dbt_lab08_project.ods_location_events_dbt"
[0m12:18:57.762019 [debug] [Thread-4  ]: Began executing node model.dbt_lab08_project.ods_location_events_dbt
[0m12:18:57.760913 [debug] [Thread-2  ]: Began executing node model.dbt_lab08_project.ods_device_events_dbt
[0m12:18:57.759472 [debug] [Thread-3  ]: Writing injected SQL for node "model.dbt_lab08_project.ods_geo_events_dbt"
[0m12:18:57.800357 [debug] [Thread-3  ]: Began executing node model.dbt_lab08_project.ods_geo_events_dbt
[0m12:18:58.167358 [debug] [Thread-4  ]: Writing runtime sql for node "model.dbt_lab08_project.ods_location_events_dbt"
[0m12:18:58.180401 [debug] [Thread-1  ]: Writing runtime sql for node "model.dbt_lab08_project.ods_browser_events_dbt"
[0m12:18:58.178288 [debug] [Thread-3  ]: Writing runtime sql for node "model.dbt_lab08_project.ods_geo_events_dbt"
[0m12:18:58.161558 [debug] [Thread-2  ]: Writing runtime sql for node "model.dbt_lab08_project.ods_device_events_dbt"
[0m12:18:58.183907 [debug] [Thread-3  ]: Using postgres connection "model.dbt_lab08_project.ods_geo_events_dbt"
[0m12:18:58.184631 [debug] [Thread-3  ]: On model.dbt_lab08_project.ods_geo_events_dbt: BEGIN
[0m12:18:58.185772 [debug] [Thread-4  ]: Using postgres connection "model.dbt_lab08_project.ods_location_events_dbt"
[0m12:18:58.186647 [debug] [Thread-3  ]: Opening a new connection, currently in state init
[0m12:18:58.187499 [debug] [Thread-2  ]: Using postgres connection "model.dbt_lab08_project.ods_device_events_dbt"
[0m12:18:58.188425 [debug] [Thread-1  ]: Using postgres connection "model.dbt_lab08_project.ods_browser_events_dbt"
[0m12:18:58.190556 [debug] [Thread-4  ]: On model.dbt_lab08_project.ods_location_events_dbt: BEGIN
[0m12:18:58.193278 [debug] [Thread-4  ]: Opening a new connection, currently in state init
[0m12:18:58.191739 [debug] [Thread-2  ]: On model.dbt_lab08_project.ods_device_events_dbt: BEGIN
[0m12:18:58.192330 [debug] [Thread-1  ]: On model.dbt_lab08_project.ods_browser_events_dbt: BEGIN
[0m12:18:58.194685 [debug] [Thread-2  ]: Opening a new connection, currently in state closed
[0m12:18:58.195640 [debug] [Thread-1  ]: Opening a new connection, currently in state closed
[0m12:18:58.219369 [debug] [Thread-3  ]: SQL status: BEGIN in 0.033 seconds
[0m12:18:58.223864 [debug] [Thread-3  ]: Using postgres connection "model.dbt_lab08_project.ods_geo_events_dbt"
[0m12:18:58.228040 [debug] [Thread-3  ]: On model.dbt_lab08_project.ods_geo_events_dbt: /* {"app": "dbt", "dbt_version": "1.9.0b2", "profile_name": "dbt_lab08_project", "target_name": "prod", "node_id": "model.dbt_lab08_project.ods_geo_events_dbt"} */

      
  
    

  create  table "lab08_db"."ods_ods"."ods_geo_events_dbt"
  
  
    as
  
  (
    

select load_dttm,
       (json_data->>'click_id')::uuid click_id,
        (json_data->>'geo_latitude')::float geo_latitude,
        (json_data->>'geo_longitude')::float geo_longitude,
        json_data->>'geo_country' geo_country,
        json_data->>'geo_timezone' geo_timezone,
        json_data->>'geo_region_name' geo_region_name,
        json_data->>'ip_address' ip_address
  from "lab08_db"."stg"."stg_geo_events"


  );
  
  
[0m12:18:58.229042 [debug] [Thread-4  ]: SQL status: BEGIN in 0.036 seconds
[0m12:18:58.229865 [debug] [Thread-4  ]: Using postgres connection "model.dbt_lab08_project.ods_location_events_dbt"
[0m12:18:58.230924 [debug] [Thread-4  ]: On model.dbt_lab08_project.ods_location_events_dbt: /* {"app": "dbt", "dbt_version": "1.9.0b2", "profile_name": "dbt_lab08_project", "target_name": "prod", "node_id": "model.dbt_lab08_project.ods_location_events_dbt"} */

      
  
    

  create  table "lab08_db"."ods_ods"."ods_location_events_dbt"
  
  
    as
  
  (
    

select load_dttm,
       (json_data->>'event_id')::uuid event_id,
        json_data->>'page_url' page_url,
        json_data->>'page_url_path' page_url_path,
        json_data->>'referer_url' referer_url,
        json_data->>'referer_medium' referer_medium,
        json_data->>'utm_medium' utm_medium,
        json_data->>'utm_source' utm_source,
        json_data->>'utm_content' utm_content,
        json_data->>'utm_campaign' utm_campaign
  from "lab08_db"."stg"."stg_location_events"


  );
  
  
[0m12:18:58.236970 [debug] [Thread-1  ]: SQL status: BEGIN in 0.041 seconds
[0m12:18:58.237905 [debug] [Thread-2  ]: SQL status: BEGIN in 0.043 seconds
[0m12:18:58.238768 [debug] [Thread-1  ]: Using postgres connection "model.dbt_lab08_project.ods_browser_events_dbt"
[0m12:18:58.239503 [debug] [Thread-2  ]: Using postgres connection "model.dbt_lab08_project.ods_device_events_dbt"
[0m12:18:58.241802 [debug] [Thread-1  ]: On model.dbt_lab08_project.ods_browser_events_dbt: /* {"app": "dbt", "dbt_version": "1.9.0b2", "profile_name": "dbt_lab08_project", "target_name": "prod", "node_id": "model.dbt_lab08_project.ods_browser_events_dbt"} */

      
  
    

  create  table "lab08_db"."ods_ods"."ods_browser_events_dbt"
  
  
    as
  
  (
    

select load_dttm,
       (json_data->>'event_id')::uuid event_id,
       (json_data->>'event_timestamp')::timestamp event_timestamp,
       json_data->>'event_type' event_type,
       (json_data->>'click_id')::uuid click_id,
       json_data->>'browser_name' browser_name,
       json_data->>'browser_user_agent' browser_user_agent,
       json_data->>'browser_language' browser_language
  from "lab08_db"."stg"."stg_browser_events"


  );
  
  
[0m12:18:58.243155 [debug] [Thread-2  ]: On model.dbt_lab08_project.ods_device_events_dbt: /* {"app": "dbt", "dbt_version": "1.9.0b2", "profile_name": "dbt_lab08_project", "target_name": "prod", "node_id": "model.dbt_lab08_project.ods_device_events_dbt"} */

      
  
    

  create  table "lab08_db"."ods_ods"."ods_device_events_dbt"
  
  
    as
  
  (
    

select  load_dttm,

       (json_data->>'click_id')::uuid click_id,
        json_data->>'os' os,
        json_data->>'os_name' os_name,
        json_data->>'os_timezone' os_timezone,
        json_data->>'device_type' device_type,
        (json_data->>'device_is_mobile')::bool device_is_mobile,
        json_data->>'user_custom_id' user_custom_id,
        (json_data->>'user_domain_id')::uuid user_domain_id
  from "lab08_db"."stg"."stg_device_events"


  );
  
  
[0m12:20:54.849689 [debug] [Thread-4  ]: SQL status: SELECT 6767169 in 116.617 seconds
[0m12:20:54.904584 [debug] [Thread-4  ]: On model.dbt_lab08_project.ods_location_events_dbt: COMMIT
[0m12:20:54.905380 [debug] [Thread-4  ]: Using postgres connection "model.dbt_lab08_project.ods_location_events_dbt"
[0m12:20:54.906141 [debug] [Thread-4  ]: On model.dbt_lab08_project.ods_location_events_dbt: COMMIT
[0m12:20:54.953912 [debug] [Thread-4  ]: SQL status: COMMIT in 0.047 seconds
[0m12:20:54.957070 [debug] [Thread-4  ]: On model.dbt_lab08_project.ods_location_events_dbt: Close
[0m12:20:54.961227 [debug] [Thread-4  ]: Sending event: {'category': 'dbt', 'action': 'run_model', 'label': '05dde9c7-5285-4016-b92a-a78387b6674e', 'context': [<snowplow_tracker.self_describing_json.SelfDescribingJson object at 0x7f5f0ea72f40>]}
[0m12:20:54.964323 [info ] [Thread-4  ]: 4 of 6 OK created sql incremental model ods_ods.ods_location_events_dbt ........ [[32mSELECT 6767169[0m in 117.24s]
[0m12:20:54.965516 [debug] [Thread-4  ]: Finished running node model.dbt_lab08_project.ods_location_events_dbt
[0m12:20:54.985210 [debug] [Thread-3  ]: SQL status: SELECT 6746937 in 116.755 seconds
[0m12:20:54.988679 [debug] [Thread-3  ]: On model.dbt_lab08_project.ods_geo_events_dbt: COMMIT
[0m12:20:54.989413 [debug] [Thread-3  ]: Using postgres connection "model.dbt_lab08_project.ods_geo_events_dbt"
[0m12:20:54.990103 [debug] [Thread-3  ]: On model.dbt_lab08_project.ods_geo_events_dbt: COMMIT
[0m12:20:55.015283 [debug] [Thread-3  ]: SQL status: COMMIT in 0.024 seconds
[0m12:20:55.017341 [debug] [Thread-3  ]: On model.dbt_lab08_project.ods_geo_events_dbt: Close
[0m12:20:55.018861 [debug] [Thread-3  ]: Sending event: {'category': 'dbt', 'action': 'run_model', 'label': '05dde9c7-5285-4016-b92a-a78387b6674e', 'context': [<snowplow_tracker.self_describing_json.SelfDescribingJson object at 0x7f5f0ea72d90>]}
[0m12:20:55.020688 [info ] [Thread-3  ]: 3 of 6 OK created sql incremental model ods_ods.ods_geo_events_dbt ............. [[32mSELECT 6746937[0m in 117.30s]
[0m12:20:55.021712 [debug] [Thread-3  ]: Finished running node model.dbt_lab08_project.ods_geo_events_dbt
[0m12:21:00.262401 [debug] [Thread-2  ]: SQL status: SELECT 6767169 in 122.018 seconds
[0m12:21:00.267573 [debug] [Thread-2  ]: On model.dbt_lab08_project.ods_device_events_dbt: COMMIT
[0m12:21:00.268185 [debug] [Thread-2  ]: Using postgres connection "model.dbt_lab08_project.ods_device_events_dbt"
[0m12:21:00.268766 [debug] [Thread-2  ]: On model.dbt_lab08_project.ods_device_events_dbt: COMMIT
[0m12:21:00.298776 [debug] [Thread-2  ]: SQL status: COMMIT in 0.029 seconds
[0m12:21:00.301526 [debug] [Thread-2  ]: On model.dbt_lab08_project.ods_device_events_dbt: Close
[0m12:21:00.303679 [debug] [Thread-2  ]: Sending event: {'category': 'dbt', 'action': 'run_model', 'label': '05dde9c7-5285-4016-b92a-a78387b6674e', 'context': [<snowplow_tracker.self_describing_json.SelfDescribingJson object at 0x7f5f0ea72e80>]}
[0m12:21:00.305910 [info ] [Thread-2  ]: 2 of 6 OK created sql incremental model ods_ods.ods_device_events_dbt .......... [[32mSELECT 6767169[0m in 122.59s]
[0m12:21:00.307617 [debug] [Thread-2  ]: Finished running node model.dbt_lab08_project.ods_device_events_dbt
[0m12:21:10.155308 [debug] [Thread-1  ]: SQL status: SELECT 6767169 in 131.911 seconds
[0m12:21:10.158771 [debug] [Thread-1  ]: On model.dbt_lab08_project.ods_browser_events_dbt: COMMIT
[0m12:21:10.159698 [debug] [Thread-1  ]: Using postgres connection "model.dbt_lab08_project.ods_browser_events_dbt"
[0m12:21:10.160401 [debug] [Thread-1  ]: On model.dbt_lab08_project.ods_browser_events_dbt: COMMIT
[0m12:21:10.198792 [debug] [Thread-1  ]: SQL status: COMMIT in 0.038 seconds
[0m12:21:10.200417 [debug] [Thread-1  ]: On model.dbt_lab08_project.ods_browser_events_dbt: Close
[0m12:21:10.201678 [debug] [Thread-1  ]: Sending event: {'category': 'dbt', 'action': 'run_model', 'label': '05dde9c7-5285-4016-b92a-a78387b6674e', 'context': [<snowplow_tracker.self_describing_json.SelfDescribingJson object at 0x7f5f0eb38f70>]}
[0m12:21:10.203214 [info ] [Thread-1  ]: 1 of 6 OK created sql incremental model ods_ods.ods_browser_events_dbt ......... [[32mSELECT 6767169[0m in 132.52s]
[0m12:21:10.205084 [debug] [Thread-1  ]: Finished running node model.dbt_lab08_project.ods_browser_events_dbt
[0m12:21:10.206257 [debug] [Thread-4  ]: Began running node model.dbt_lab08_project.dm_events_dbt
[0m12:21:10.207850 [info ] [Thread-4  ]: 5 of 6 START sql incremental model ods.dm_events_dbt ........................... [RUN]
[0m12:21:10.210234 [debug] [Thread-4  ]: Re-using an available connection from the pool (formerly model.dbt_lab08_project.ods_location_events_dbt, now model.dbt_lab08_project.dm_events_dbt)
[0m12:21:10.206910 [debug] [Thread-3  ]: Began running node model.dbt_lab08_project.dm_sales
[0m12:21:10.211989 [info ] [Thread-3  ]: 6 of 6 START sql incremental model ods.dm_sales ................................ [RUN]
[0m12:21:10.213396 [debug] [Thread-3  ]: Re-using an available connection from the pool (formerly model.dbt_lab08_project.ods_geo_events_dbt, now model.dbt_lab08_project.dm_sales)
[0m12:21:10.213993 [debug] [Thread-3  ]: Began compiling node model.dbt_lab08_project.dm_sales
[0m12:21:10.210931 [debug] [Thread-4  ]: Began compiling node model.dbt_lab08_project.dm_events_dbt
[0m12:21:10.223138 [debug] [Thread-3  ]: Writing injected SQL for node "model.dbt_lab08_project.dm_sales"
[0m12:21:10.234295 [debug] [Thread-4  ]: Writing injected SQL for node "model.dbt_lab08_project.dm_events_dbt"
[0m12:21:10.235935 [debug] [Thread-3  ]: Began executing node model.dbt_lab08_project.dm_sales
[0m12:21:10.237170 [debug] [Thread-4  ]: Began executing node model.dbt_lab08_project.dm_events_dbt
[0m12:21:10.254051 [debug] [Thread-3  ]: Writing runtime sql for node "model.dbt_lab08_project.dm_sales"
[0m12:21:10.257595 [debug] [Thread-4  ]: Writing runtime sql for node "model.dbt_lab08_project.dm_events_dbt"
[0m12:21:10.259970 [debug] [Thread-3  ]: Using postgres connection "model.dbt_lab08_project.dm_sales"
[0m12:21:10.261011 [debug] [Thread-3  ]: On model.dbt_lab08_project.dm_sales: BEGIN
[0m12:21:10.261862 [debug] [Thread-4  ]: Using postgres connection "model.dbt_lab08_project.dm_events_dbt"
[0m12:21:10.262466 [debug] [Thread-3  ]: Opening a new connection, currently in state closed
[0m12:21:10.263114 [debug] [Thread-4  ]: On model.dbt_lab08_project.dm_events_dbt: BEGIN
[0m12:21:10.263958 [debug] [Thread-4  ]: Opening a new connection, currently in state closed
[0m12:21:10.301460 [debug] [Thread-4  ]: SQL status: BEGIN in 0.037 seconds
[0m12:21:10.303412 [debug] [Thread-4  ]: Using postgres connection "model.dbt_lab08_project.dm_events_dbt"
[0m12:21:10.304171 [debug] [Thread-4  ]: On model.dbt_lab08_project.dm_events_dbt: /* {"app": "dbt", "dbt_version": "1.9.0b2", "profile_name": "dbt_lab08_project", "target_name": "prod", "node_id": "model.dbt_lab08_project.dm_events_dbt"} */

      
  
    

  create  table "lab08_db"."ods"."dm_events_dbt"
  
  
    as
  
  (
    WITH distinct_clicks AS (
	SELECT DISTINCT
		click_id,
		device_type
	FROM "lab08_db"."ods_ods"."ods_device_events_dbt"
)
SELECT
	e.load_hour,
	e.event_id,
	e.event_type,
	e.event_timestamp,
	EXTRACT(HOUR FROM e.event_timestamp) AS event_hour,
	e.browser_name,
	d.device_type
FROM "lab08_db"."ods_ods"."ods_browser_events_dbt" e
JOIN distinct_clicks d USING(click_id)

  );
  
  
[0m12:21:10.302542 [debug] [Thread-3  ]: SQL status: BEGIN in 0.040 seconds
[0m12:21:10.305099 [debug] [Thread-3  ]: Using postgres connection "model.dbt_lab08_project.dm_sales"
[0m12:21:10.305751 [debug] [Thread-3  ]: On model.dbt_lab08_project.dm_sales: /* {"app": "dbt", "dbt_version": "1.9.0b2", "profile_name": "dbt_lab08_project", "target_name": "prod", "node_id": "model.dbt_lab08_project.dm_sales"} */

      
  
    

  create  table "lab08_db"."ods"."dm_sales"
  
  
    as
  
  (
    WITH unique_devices AS (
SELECT DISTINCT 
	click_id,
	os,
	os_name,
	device_type,
	user_custom_id
FROM "lab08_db"."ods_ods"."ods_device_events_dbt"
),
unique_geo AS (
SELECT DISTINCT
	click_id,
	geo_country,
	geo_region_name
FROM "lab08_db"."ods_ods"."ods_geo_events_dbt"
),
cte_lead AS (
SELECT
    obe.load_hour,
	event_timestamp,
	event_type,
	page_url,
	page_url_path,
	referer_url,
	referer_medium,
	utm_medium,
	utm_source,
	utm_content,
	utm_campaign,
	browser_name,
	browser_user_agent,
	browser_language,
	os,
	os_name,
	user_custom_id,
	device_type,
	geo_country,
	geo_region_name,
    LEAD(page_url_path, 1) OVER w AS next_page_lead1,
    LEAD(page_url_path, 2) OVER w AS next_page_lead2,
    LEAD(page_url_path, 3) OVER w AS next_page_lead3,
    LEAD(event_timestamp, 3) OVER w AS confirmation_timestamp
FROM "lab08_db"."ods_ods"."ods_location_events_dbt" ole
JOIN "lab08_db"."ods_ods"."ods_browser_events_dbt" obe ON ole.event_id = obe.event_id
JOIN unique_devices ud ON obe.click_id = ud.click_id
JOIN unique_geo ug ON ug.click_id = obe.click_id
WHERE ole.page_url_path != '/home'

WINDOW w AS (
	PARTITION BY user_custom_id
	ORDER BY event_timestamp
	)
)
SELECT
    load_hour,
	user_custom_id AS sale_custom_id,
	event_timestamp,
	confirmation_timestamp AS sale_timestamp,
	EXTRACT(HOUR FROM confirmation_timestamp) AS sale_hour,
	1 AS sale_item_cnt,
	browser_name AS sale_browser,
	device_type AS sale_platform,
	page_url_path AS sale_page_before,
	REPLACE(page_url_path, '/product_', '') AS clear_sale_page_before,
	utm_source AS sale_source,
	utm_campaign AS sale_utm_campaign,
	referer_url AS sale_referer_url,
	referer_medium AS sale_referer_medium,
	utm_content AS sale_utm_content,
	geo_country AS sale_geo_country,
	geo_region_name AS sale_geo_region_name
FROM cte_lead
WHERE (next_page_lead1, next_page_lead2, next_page_lead3) = ('/cart', '/payment', '/confirmation')
AND page_url_path NOT IN ('/payment', '/cart')
  );
  
  
[0m12:21:10.308785 [debug] [Thread-4  ]: Postgres adapter: Postgres error: column e.load_hour does not exist
LINE 20:  e.load_hour,
          ^

[0m12:21:10.309513 [debug] [Thread-4  ]: On model.dbt_lab08_project.dm_events_dbt: ROLLBACK
[0m12:21:10.310148 [debug] [Thread-3  ]: Postgres adapter: Postgres error: column obe.load_hour does not exist
LINE 31:     obe.load_hour,
             ^

[0m12:21:10.310824 [debug] [Thread-3  ]: On model.dbt_lab08_project.dm_sales: ROLLBACK
[0m12:21:10.312629 [debug] [Thread-4  ]: On model.dbt_lab08_project.dm_events_dbt: Close
[0m12:21:10.315457 [debug] [Thread-3  ]: On model.dbt_lab08_project.dm_sales: Close
[0m12:21:10.319570 [debug] [Thread-3  ]: Database Error in model dm_sales (models/dm/dm_sales.sql)
  column obe.load_hour does not exist
  LINE 31:     obe.load_hour,
               ^
  compiled code at target/run/dbt_lab08_project/models/dm/dm_sales.sql
[0m12:21:10.321434 [debug] [Thread-4  ]: Database Error in model dm_events_dbt (models/dm/dm_events_dbt.sql)
  column e.load_hour does not exist
  LINE 20:  e.load_hour,
            ^
  compiled code at target/run/dbt_lab08_project/models/dm/dm_events_dbt.sql
[0m12:21:10.322691 [debug] [Thread-3  ]: Sending event: {'category': 'dbt', 'action': 'run_model', 'label': '05dde9c7-5285-4016-b92a-a78387b6674e', 'context': [<snowplow_tracker.self_describing_json.SelfDescribingJson object at 0x7f5f0eb894c0>]}
[0m12:21:10.323531 [debug] [Thread-4  ]: Sending event: {'category': 'dbt', 'action': 'run_model', 'label': '05dde9c7-5285-4016-b92a-a78387b6674e', 'context': [<snowplow_tracker.self_describing_json.SelfDescribingJson object at 0x7f5f0eaeeac0>]}
[0m12:21:10.326567 [error] [Thread-4  ]: 5 of 6 ERROR creating sql incremental model ods.dm_events_dbt .................. [[31mERROR[0m in 0.11s]
[0m12:21:10.327255 [debug] [Thread-4  ]: Finished running node model.dbt_lab08_project.dm_events_dbt
[0m12:21:10.325270 [error] [Thread-3  ]: 6 of 6 ERROR creating sql incremental model ods.dm_sales ....................... [[31mERROR[0m in 0.11s]
[0m12:21:10.327924 [debug] [Thread-3  ]: Finished running node model.dbt_lab08_project.dm_sales
[0m12:21:10.329316 [debug] [Thread-7  ]: Marking all children of 'model.dbt_lab08_project.dm_events_dbt' to be skipped because of status 'error'.  Reason: Database Error in model dm_events_dbt (models/dm/dm_events_dbt.sql)
  column e.load_hour does not exist
  LINE 20:  e.load_hour,
            ^
  compiled code at target/run/dbt_lab08_project/models/dm/dm_events_dbt.sql.
[0m12:21:10.333331 [debug] [Thread-7  ]: Marking all children of 'model.dbt_lab08_project.dm_sales' to be skipped because of status 'error'.  Reason: Database Error in model dm_sales (models/dm/dm_sales.sql)
  column obe.load_hour does not exist
  LINE 31:     obe.load_hour,
               ^
  compiled code at target/run/dbt_lab08_project/models/dm/dm_sales.sql.
[0m12:21:10.337780 [debug] [MainThread]: Using postgres connection "master"
[0m12:21:10.338882 [debug] [MainThread]: On master: BEGIN
[0m12:21:10.339255 [debug] [MainThread]: Opening a new connection, currently in state closed
[0m12:21:10.375986 [debug] [MainThread]: SQL status: BEGIN in 0.037 seconds
[0m12:21:10.380934 [debug] [MainThread]: On master: COMMIT
[0m12:21:10.381867 [debug] [MainThread]: Using postgres connection "master"
[0m12:21:10.382468 [debug] [MainThread]: On master: COMMIT
[0m12:21:10.384888 [debug] [MainThread]: SQL status: COMMIT in 0.002 seconds
[0m12:21:10.385449 [debug] [MainThread]: On master: Close
[0m12:21:10.386328 [debug] [MainThread]: Connection 'master' was properly closed.
[0m12:21:10.386908 [debug] [MainThread]: Connection 'model.dbt_lab08_project.ods_browser_events_dbt' was properly closed.
[0m12:21:10.387423 [debug] [MainThread]: Connection 'model.dbt_lab08_project.ods_device_events_dbt' was properly closed.
[0m12:21:10.387939 [debug] [MainThread]: Connection 'model.dbt_lab08_project.dm_sales' was properly closed.
[0m12:21:10.388388 [debug] [MainThread]: Connection 'model.dbt_lab08_project.dm_events_dbt' was properly closed.
[0m12:21:10.388977 [info ] [MainThread]: 
[0m12:21:10.389475 [info ] [MainThread]: Finished running 6 incremental models in 0 hours 2 minutes and 13.11 seconds (133.11s).
[0m12:21:10.392012 [debug] [MainThread]: Command end result
[0m12:21:10.454979 [info ] [MainThread]: 
[0m12:21:10.455884 [info ] [MainThread]: [31mCompleted with 2 errors, 0 partial successs, and 0 warnings:[0m
[0m12:21:10.456320 [info ] [MainThread]: 
[0m12:21:10.456833 [error] [MainThread]:   Database Error in model dm_events_dbt (models/dm/dm_events_dbt.sql)
  column e.load_hour does not exist
  LINE 20:  e.load_hour,
            ^
  compiled code at target/run/dbt_lab08_project/models/dm/dm_events_dbt.sql
[0m12:21:10.457190 [info ] [MainThread]: 
[0m12:21:10.457581 [error] [MainThread]:   Database Error in model dm_sales (models/dm/dm_sales.sql)
  column obe.load_hour does not exist
  LINE 31:     obe.load_hour,
               ^
  compiled code at target/run/dbt_lab08_project/models/dm/dm_sales.sql
[0m12:21:10.457966 [info ] [MainThread]: 
[0m12:21:10.458377 [info ] [MainThread]: Done. PASS=4 WARN=0 ERROR=2 SKIP=0 TOTAL=6
[0m12:21:10.459653 [debug] [MainThread]: Resource report: {"command_name": "run", "command_wall_clock_time": 137.05646, "process_user_time": 6.746548, "process_kernel_time": 0.375546, "process_mem_max_rss": "109476", "process_in_blocks": "128", "process_out_blocks": "2808", "command_success": false}
[0m12:21:10.460451 [debug] [MainThread]: Command `dbt run` failed at 12:21:10.460289 after 137.06 seconds
[0m12:21:10.461000 [debug] [MainThread]: Sending event: {'category': 'dbt', 'action': 'invocation', 'label': 'end', 'context': [<snowplow_tracker.self_describing_json.SelfDescribingJson object at 0x7f5f12af4e80>, <snowplow_tracker.self_describing_json.SelfDescribingJson object at 0x7f5f14e98730>, <snowplow_tracker.self_describing_json.SelfDescribingJson object at 0x7f5f0feebb50>]}
[0m12:21:10.461525 [debug] [MainThread]: Flushing usage events
[0m12:21:11.175165 [debug] [MainThread]: An error was encountered while trying to flush usage events
[0m13:01:09.067426 [debug] [MainThread]: Sending event: {'category': 'dbt', 'action': 'invocation', 'label': 'start', 'context': [<snowplow_tracker.self_describing_json.SelfDescribingJson object at 0x7f107ed6feb0>, <snowplow_tracker.self_describing_json.SelfDescribingJson object at 0x7f107eb170a0>, <snowplow_tracker.self_describing_json.SelfDescribingJson object at 0x7f107e5772b0>]}


============================== 13:01:09.074496 | 561c1f13-4533-4912-acf8-6d81f0b681cf ==============================
[0m13:01:09.074496 [info ] [MainThread]: Running with dbt=1.9.0-b2
[0m13:01:09.075492 [debug] [MainThread]: running dbt with arguments {'printer_width': '80', 'indirect_selection': 'eager', 'log_cache_events': 'False', 'write_json': 'True', 'partial_parse': 'True', 'cache_selected_only': 'False', 'profiles_dir': '/dbt', 'fail_fast': 'False', 'debug': 'False', 'log_path': '/dbt/logs', 'warn_error': 'None', 'version_check': 'True', 'use_colors': 'True', 'use_experimental_parser': 'False', 'empty': 'False', 'quiet': 'False', 'no_print': 'None', 'warn_error_options': 'WarnErrorOptions(include=[], exclude=[])', 'invocation_command': 'dbt run --profiles-dir /dbt --project-dir /dbt', 'static_parser': 'True', 'log_format': 'default', 'target_path': 'None', 'introspect': 'True', 'send_anonymous_usage_stats': 'True'}
[0m13:01:09.401243 [debug] [MainThread]: Sending event: {'category': 'dbt', 'action': 'project_id', 'label': '561c1f13-4533-4912-acf8-6d81f0b681cf', 'context': [<snowplow_tracker.self_describing_json.SelfDescribingJson object at 0x7f107e033460>]}
[0m13:01:09.557579 [debug] [MainThread]: Sending event: {'category': 'dbt', 'action': 'adapter_info', 'label': '561c1f13-4533-4912-acf8-6d81f0b681cf', 'context': [<snowplow_tracker.self_describing_json.SelfDescribingJson object at 0x7f107c666d30>]}
[0m13:01:09.558777 [info ] [MainThread]: Registered adapter: postgres=1.8.2
[0m13:01:09.597065 [debug] [MainThread]: checksum: 4cfbbe2a671212f062e88a43cba5322b30b7e3e8e91b953aa4de249eeaade60f, vars: {}, profile: , target: , version: 1.9.0b2
[0m13:01:09.856761 [info ] [MainThread]: Unable to do partial parsing because a project config has changed
[0m13:01:09.857643 [debug] [MainThread]: Sending event: {'category': 'dbt', 'action': 'partial_parser', 'label': '561c1f13-4533-4912-acf8-6d81f0b681cf', 'context': [<snowplow_tracker.self_describing_json.SelfDescribingJson object at 0x7f107e563850>]}
[0m13:01:09.863354 [error] [MainThread]: Encountered an error:
Parsing Error
  Error reading dbt_lab08_project: generate_schema_name.yml - Runtime Error
    Syntax error near line 1
    ------------------------------
    1  | {% macro generate_schema_name(custom_schema_name, node) -%}
    2  | 
    3  |     {%- set default_schema = target.schema -%}
    4  |     {%- if custom_schema_name is none -%}
    
    Raw Error:
    ------------------------------
    while scanning for the next token
    found character that cannot start any token
      in "<unicode string>", line 1, column 2
[0m13:01:09.869107 [debug] [MainThread]: Resource report: {"command_name": "run", "command_wall_clock_time": 0.8980751, "process_user_time": 3.062112, "process_kernel_time": 0.232658, "process_mem_max_rss": "92312", "process_out_blocks": "8", "command_success": false, "process_in_blocks": "0"}
[0m13:01:09.870245 [debug] [MainThread]: Command `dbt run` failed at 13:01:09.870005 after 0.90 seconds
[0m13:01:09.872107 [debug] [MainThread]: Sending event: {'category': 'dbt', 'action': 'invocation', 'label': 'end', 'context': [<snowplow_tracker.self_describing_json.SelfDescribingJson object at 0x7f107ed6feb0>, <snowplow_tracker.self_describing_json.SelfDescribingJson object at 0x7f107c3986a0>, <snowplow_tracker.self_describing_json.SelfDescribingJson object at 0x7f107c3987f0>]}
[0m13:01:09.873623 [debug] [MainThread]: Flushing usage events
[0m13:01:10.394663 [debug] [MainThread]: An error was encountered while trying to flush usage events
